2022-11-02 18:04:22,363:INFO:PyCaret Supervised Module
2022-11-02 18:04:22,364:INFO:ML Usecase: clustering
2022-11-02 18:04:22,364:INFO:version 2.3.6
2022-11-02 18:04:22,364:INFO:Initializing setup()
2022-11-02 18:04:22,364:INFO:setup(target=None, ml_usecase=clustering, available_plots={'cluster': 'Cluster PCA Plot (2d)', 'tsne': 'Cluster TSnE (3d)', 'elbow': 'Elbow', 'silhouette': 'Silhouette', 'distance': 'Distance', 'distribution': 'Distribution'}, train_size=0.7, test_data=None, preprocess=True, imputation_type=simple, iterative_imputation_iters=5, categorical_features=None, categorical_imputation=mode, categorical_iterative_imputer=lightgbm, ordinal_features=None, high_cardinality_features=None, high_cardinality_method=frequency, numeric_features=None, numeric_imputation=mean, numeric_iterative_imputer=lightgbm, date_features=None, ignore_features=['MouseID'], normalize=True, normalize_method=zscore, transformation=False, transformation_method=yeo-johnson, handle_unknown_categorical=True, unknown_categorical_method=least_frequent, pca=False, pca_method=linear, pca_components=None, ignore_low_variance=False, combine_rare_levels=False, rare_level_threshold=0.1, bin_numeric_features=None, remove_outliers=False, outliers_threshold=0.05, remove_multicollinearity=False, multicollinearity_threshold=0.9, remove_perfect_collinearity=False, create_clusters=False, cluster_iter=20, polynomial_features=False, polynomial_degree=2, trigonometry_features=False, polynomial_threshold=0.1, group_features=None, group_names=None, feature_selection=False, feature_selection_threshold=0.8, feature_selection_method=classic, feature_interaction=False, feature_ratio=False, interaction_threshold=0.01, fix_imbalance=False, fix_imbalance_method=None, transform_target=False, transform_target_method=box-cox, data_split_shuffle=False, data_split_stratify=False, fold_strategy=kfold, fold=10, fold_shuffle=False, fold_groups=None, n_jobs=-1, use_gpu=False, custom_pipeline=None, html=True, session_id=123, log_experiment=False, experiment_name=None, log_plots=False, log_profile=False, log_data=False, silent=False, verbose=True, profile=False, profile_kwargs=None, display=None)
2022-11-02 18:04:22,364:INFO:Checking environment
2022-11-02 18:04:22,364:INFO:python_version: 3.9.5
2022-11-02 18:04:22,364:INFO:python_build: ('tags/v3.9.5:0a7dcbd', 'May  3 2021 17:27:52')
2022-11-02 18:04:22,365:INFO:machine: AMD64
2022-11-02 18:04:22,375:INFO:platform: Windows-10-10.0.22623-SP0
2022-11-02 18:04:22,375:INFO:Memory: svmem(total=68610617344, available=36015001600, percent=47.5, used=32595615744, free=36015001600)
2022-11-02 18:04:22,375:INFO:Physical Core: 12
2022-11-02 18:04:22,375:INFO:Logical Core: 24
2022-11-02 18:04:22,375:INFO:Checking libraries
2022-11-02 18:04:22,375:INFO:pd==1.2.4
2022-11-02 18:04:22,375:INFO:numpy==1.19.5
2022-11-02 18:04:22,375:INFO:sklearn==0.23.2
2022-11-02 18:04:22,376:INFO:lightgbm==3.3.2
2022-11-02 18:04:22,376:WARNING:catboost not found
2022-11-02 18:04:22,377:WARNING:xgboost not found
2022-11-02 18:04:22,990:INFO:mlflow==1.23.1
2022-11-02 18:04:22,991:INFO:Checking Exceptions
2022-11-02 18:04:22,991:INFO:Declaring global variables
2022-11-02 18:04:22,991:INFO:USI: 728f
2022-11-02 18:04:22,991:INFO:pycaret_globals: {'_available_plots', 'imputation_classifier', '_gpu_n_jobs_param', 'fold_generator', 'iterative_imputation_iters_param', 'fold_groups_param_full', 'n_jobs_param', 'USI', 'imputation_regressor', 'html_param', 'gpu_param', 'seed', 'stratify_param', 'exp_name_log', 'master_model_container', '_ml_usecase', 'fix_imbalance_method_param', 'prep_pipe', '_all_models', 'fix_imbalance_param', 'logging_param', 'fold_shuffle_param', 'data_before_preprocess', 'X', 'transform_target_method_param', 'pycaret_globals', 'fold_param', '_internal_pipeline', 'target_param', 'transform_target_param', 'log_plots_param', '_all_metrics', 'display_container', '_all_models_internal', 'experiment__', 'create_model_container', 'fold_groups_param'}
2022-11-02 18:04:22,991:INFO:Preparing display monitor
2022-11-02 18:04:22,991:INFO:Preparing display monitor
2022-11-02 18:04:23,001:INFO:Importing libraries
2022-11-02 18:04:23,001:INFO:Copying data for preprocessing
2022-11-02 18:04:23,015:INFO:Declaring preprocessing parameters
2022-11-02 18:04:23,021:INFO:Creating preprocessing pipeline
2022-11-02 18:04:23,052:INFO:Preprocessing pipeline created successfully
2022-11-02 18:04:23,052:ERROR:(Process Exit): setup has been interupted with user command 'quit'. setup must rerun.
2022-11-02 18:04:23,052:INFO:Creating global containers
2022-11-02 18:04:23,054:INFO:Internal pipeline: Pipeline(memory=None, steps=[('empty_step', 'passthrough')], verbose=False)
2022-11-02 18:05:01,235:INFO:Creating grid variables
2022-11-02 18:05:01,247:INFO:create_model_container: 0
2022-11-02 18:05:01,247:INFO:master_model_container: 0
2022-11-02 18:05:01,247:INFO:display_container: 1
2022-11-02 18:05:01,251:INFO:Pipeline(memory=None,
         steps=[('dtypes',
                 DataTypes_Auto_infer(categorical_features=[],
                                      display_types=True,
                                      features_todrop=['MouseID'],
                                      id_columns=[], ml_usecase='regression',
                                      numerical_features=[],
                                      target='UNSUPERVISED_DUMMY_TARGET',
                                      time_features=[])),
                ('imputer',
                 Simple_Imputer(categorical_strategy='most frequent',
                                fill_value_categorical=None,
                                fill_value_numer...
                ('P_transform', 'passthrough'), ('binn', 'passthrough'),
                ('rem_outliers', 'passthrough'), ('cluster_all', 'passthrough'),
                ('dummy', Dummify(target='UNSUPERVISED_DUMMY_TARGET')),
                ('fix_perfect', 'passthrough'),
                ('clean_names', Clean_Colum_Names()),
                ('feature_select', 'passthrough'), ('fix_multi', 'passthrough'),
                ('dfs', 'passthrough'), ('pca', 'passthrough')],
         verbose=False)
2022-11-02 18:05:01,252:INFO:setup() succesfully completed......................................
2022-11-02 18:05:01,405:INFO:Initializing create_model()
2022-11-02 18:05:01,405:INFO:create_model(estimator=kmeans, num_clusters=4, fraction=0.05, ground_truth=None, round=4, fit_kwargs=None, verbose=True, system=True, add_to_model_list=True, raise_num_clusters=False, display=None, kwargs={})
2022-11-02 18:05:01,405:INFO:Checking exceptions
2022-11-02 18:05:01,405:INFO:Preparing display monitor
2022-11-02 18:05:01,422:INFO:Importing libraries
2022-11-02 18:05:01,429:INFO:Importing untrained model
2022-11-02 18:05:01,436:INFO:K-Means Clustering Imported succesfully
2022-11-02 18:05:01,444:INFO:Fitting Model
2022-11-02 18:05:01,633:INFO:KMeans(algorithm='auto', copy_x=True, init='k-means++', max_iter=300,
       n_clusters=4, n_init=10, n_jobs=-1, precompute_distances='deprecated',
       random_state=123, tol=0.0001, verbose=0)
2022-11-02 18:05:01,633:INFO:create_models() succesfully completed......................................
2022-11-02 18:05:01,633:INFO:Uploading results into container
2022-11-02 18:05:01,636:INFO:Uploading model into container now
2022-11-02 18:05:01,641:INFO:create_model_container: 1
2022-11-02 18:05:01,642:INFO:master_model_container: 1
2022-11-02 18:05:01,642:INFO:display_container: 2
2022-11-02 18:05:01,643:INFO:KMeans(algorithm='auto', copy_x=True, init='k-means++', max_iter=300,
       n_clusters=4, n_init=10, n_jobs=-1, precompute_distances='deprecated',
       random_state=123, tol=0.0001, verbose=0)
2022-11-02 18:05:01,643:INFO:create_model() succesfully completed......................................
2022-11-02 18:05:01,778:INFO:Initializing create_model()
2022-11-02 18:05:01,778:INFO:create_model(estimator=kmodes, num_clusters=6, fraction=0.05, ground_truth=None, round=4, fit_kwargs=None, verbose=True, system=True, add_to_model_list=True, raise_num_clusters=False, display=None, kwargs={})
2022-11-02 18:05:01,778:INFO:Checking exceptions
2022-11-02 18:05:01,778:INFO:Preparing display monitor
2022-11-02 18:05:01,790:INFO:Importing libraries
2022-11-02 18:05:01,795:INFO:Importing untrained model
2022-11-02 18:05:01,801:INFO:K-Modes Clustering Imported succesfully
2022-11-02 18:05:01,808:INFO:Fitting Model
2022-11-02 18:05:06,504:INFO:KModes(cat_dissim=<function matching_dissim at 0x000001F60BCCF790>, init='Cao',
       max_iter=100, n_clusters=6, n_init=1, n_jobs=-1, random_state=123,
       verbose=0)
2022-11-02 18:05:06,504:INFO:create_models() succesfully completed......................................
2022-11-02 18:05:06,504:INFO:Uploading results into container
2022-11-02 18:05:06,507:INFO:Uploading model into container now
2022-11-02 18:05:06,512:INFO:create_model_container: 2
2022-11-02 18:05:06,513:INFO:master_model_container: 2
2022-11-02 18:05:06,513:INFO:display_container: 3
2022-11-02 18:05:06,513:INFO:KModes(cat_dissim=<function matching_dissim at 0x000001F60BCCF790>, init='Cao',
       max_iter=100, n_clusters=6, n_init=1, n_jobs=-1, random_state=123,
       verbose=0)
2022-11-02 18:05:06,513:INFO:create_model() succesfully completed......................................
2022-11-02 18:05:06,669:INFO:Initializing assign_model()
2022-11-02 18:05:06,669:INFO:assign_model(model=KMeans(algorithm='auto', copy_x=True, init='k-means++', max_iter=300,
       n_clusters=4, n_init=10, n_jobs=-1, precompute_distances='deprecated',
       random_state=123, tol=0.0001, verbose=0), transformation=False, score=True, verbose=True)
2022-11-02 18:05:06,669:INFO:Checking exceptions
2022-11-02 18:05:06,669:INFO:Determining Trained Model
2022-11-02 18:05:06,670:INFO:Trained Model : K-Means Clustering
2022-11-02 18:05:06,670:INFO:Copying data
2022-11-02 18:05:06,671:INFO:(1080, 83)
2022-11-02 18:05:06,672:INFO:assign_model() succesfully completed......................................
2022-11-02 18:31:45,883:INFO:PyCaret Supervised Module
2022-11-02 18:31:45,883:INFO:ML Usecase: clustering
2022-11-02 18:31:45,883:INFO:version 2.3.6
2022-11-02 18:31:45,883:INFO:Initializing setup()
2022-11-02 18:31:45,883:INFO:setup(target=None, ml_usecase=clustering, available_plots={'cluster': 'Cluster PCA Plot (2d)', 'tsne': 'Cluster TSnE (3d)', 'elbow': 'Elbow', 'silhouette': 'Silhouette', 'distance': 'Distance', 'distribution': 'Distribution'}, train_size=0.7, test_data=None, preprocess=True, imputation_type=simple, iterative_imputation_iters=5, categorical_features=None, categorical_imputation=mode, categorical_iterative_imputer=lightgbm, ordinal_features=None, high_cardinality_features=None, high_cardinality_method=frequency, numeric_features=None, numeric_imputation=mean, numeric_iterative_imputer=lightgbm, date_features=None, ignore_features=None, normalize=False, normalize_method=zscore, transformation=False, transformation_method=yeo-johnson, handle_unknown_categorical=True, unknown_categorical_method=least_frequent, pca=False, pca_method=linear, pca_components=None, ignore_low_variance=False, combine_rare_levels=False, rare_level_threshold=0.1, bin_numeric_features=None, remove_outliers=False, outliers_threshold=0.05, remove_multicollinearity=False, multicollinearity_threshold=0.9, remove_perfect_collinearity=False, create_clusters=False, cluster_iter=20, polynomial_features=False, polynomial_degree=2, trigonometry_features=False, polynomial_threshold=0.1, group_features=None, group_names=None, feature_selection=False, feature_selection_threshold=0.8, feature_selection_method=classic, feature_interaction=False, feature_ratio=False, interaction_threshold=0.01, fix_imbalance=False, fix_imbalance_method=None, transform_target=False, transform_target_method=box-cox, data_split_shuffle=False, data_split_stratify=False, fold_strategy=kfold, fold=10, fold_shuffle=False, fold_groups=None, n_jobs=-1, use_gpu=False, custom_pipeline=None, html=True, session_id=None, log_experiment=False, experiment_name=None, log_plots=False, log_profile=False, log_data=False, silent=False, verbose=True, profile=False, profile_kwargs=None, display=None)
2022-11-02 18:31:45,883:INFO:Checking environment
2022-11-02 18:31:45,883:INFO:python_version: 3.9.5
2022-11-02 18:31:45,883:INFO:python_build: ('tags/v3.9.5:0a7dcbd', 'May  3 2021 17:27:52')
2022-11-02 18:31:45,883:INFO:machine: AMD64
2022-11-02 18:31:45,883:INFO:platform: Windows-10-10.0.22623-SP0
2022-11-02 18:31:45,883:INFO:Memory: svmem(total=68610617344, available=45139496960, percent=34.2, used=23471120384, free=45139496960)
2022-11-02 18:31:45,883:INFO:Physical Core: 12
2022-11-02 18:31:45,883:INFO:Logical Core: 24
2022-11-02 18:31:45,883:INFO:Checking libraries
2022-11-02 18:31:45,883:INFO:pd==1.2.4
2022-11-02 18:31:45,883:INFO:numpy==1.19.5
2022-11-02 18:31:45,883:INFO:sklearn==0.23.2
2022-11-02 18:31:45,884:INFO:lightgbm==3.3.2
2022-11-02 18:31:45,884:WARNING:catboost not found
2022-11-02 18:31:45,885:WARNING:xgboost not found
2022-11-02 18:31:45,885:INFO:mlflow==1.23.1
2022-11-02 18:31:45,885:INFO:Checking Exceptions
2022-11-02 18:31:45,885:INFO:Declaring global variables
2022-11-02 18:31:45,885:INFO:USI: 4141
2022-11-02 18:31:45,885:INFO:pycaret_globals: {'_available_plots', 'imputation_classifier', '_gpu_n_jobs_param', 'fold_generator', 'iterative_imputation_iters_param', 'fold_groups_param_full', 'n_jobs_param', 'USI', 'imputation_regressor', 'html_param', 'gpu_param', 'seed', 'stratify_param', 'exp_name_log', 'master_model_container', '_ml_usecase', 'fix_imbalance_method_param', 'prep_pipe', '_all_models', 'fix_imbalance_param', 'logging_param', 'fold_shuffle_param', 'data_before_preprocess', 'X', 'transform_target_method_param', 'pycaret_globals', 'fold_param', '_internal_pipeline', 'target_param', 'transform_target_param', 'log_plots_param', '_all_metrics', 'display_container', '_all_models_internal', 'experiment__', 'create_model_container', 'fold_groups_param'}
2022-11-02 18:31:45,885:INFO:Preparing display monitor
2022-11-02 18:31:45,885:INFO:Preparing display monitor
2022-11-02 18:31:45,895:INFO:Importing libraries
2022-11-02 18:31:45,895:INFO:Copying data for preprocessing
2022-11-02 18:31:45,901:INFO:Declaring preprocessing parameters
2022-11-02 18:31:45,903:INFO:Creating preprocessing pipeline
2022-11-02 18:31:45,907:INFO:Preprocessing pipeline created successfully
2022-11-02 18:31:45,907:ERROR:(Process Exit): setup has been interupted with user command 'quit'. setup must rerun.
2022-11-02 18:31:45,907:INFO:Creating global containers
2022-11-02 18:31:45,908:INFO:Internal pipeline: Pipeline(memory=None, steps=[('empty_step', 'passthrough')], verbose=False)
2022-11-02 18:31:55,325:INFO:Creating grid variables
2022-11-02 18:31:55,336:INFO:create_model_container: 0
2022-11-02 18:31:55,336:INFO:master_model_container: 0
2022-11-02 18:31:55,336:INFO:display_container: 1
2022-11-02 18:31:55,339:INFO:Pipeline(memory=None,
         steps=[('dtypes',
                 DataTypes_Auto_infer(categorical_features=[],
                                      display_types=True, features_todrop=[],
                                      id_columns=[], ml_usecase='regression',
                                      numerical_features=[],
                                      target='UNSUPERVISED_DUMMY_TARGET',
                                      time_features=[])),
                ('imputer',
                 Simple_Imputer(categorical_strategy='most frequent',
                                fill_value_categorical=None,
                                fill_value_numerical=None...
                ('scaling', 'passthrough'), ('P_transform', 'passthrough'),
                ('binn', 'passthrough'), ('rem_outliers', 'passthrough'),
                ('cluster_all', 'passthrough'),
                ('dummy', Dummify(target='UNSUPERVISED_DUMMY_TARGET')),
                ('fix_perfect', 'passthrough'),
                ('clean_names', Clean_Colum_Names()),
                ('feature_select', 'passthrough'), ('fix_multi', 'passthrough'),
                ('dfs', 'passthrough'), ('pca', 'passthrough')],
         verbose=False)
2022-11-02 18:31:55,339:INFO:setup() succesfully completed......................................
2022-11-02 18:31:55,435:INFO:Initializing create_model()
2022-11-02 18:31:55,435:INFO:create_model(estimator=kmeans, num_clusters=4, fraction=0.05, ground_truth=None, round=4, fit_kwargs=None, verbose=True, system=True, add_to_model_list=True, raise_num_clusters=False, display=None, kwargs={})
2022-11-02 18:31:55,435:INFO:Checking exceptions
2022-11-02 18:31:55,435:INFO:Preparing display monitor
2022-11-02 18:31:55,447:INFO:Importing libraries
2022-11-02 18:31:55,454:INFO:Importing untrained model
2022-11-02 18:31:55,460:INFO:K-Means Clustering Imported succesfully
2022-11-02 18:31:55,466:INFO:Fitting Model
2022-11-02 18:31:55,505:INFO:KMeans(algorithm='auto', copy_x=True, init='k-means++', max_iter=300,
       n_clusters=4, n_init=10, n_jobs=-1, precompute_distances='deprecated',
       random_state=4937, tol=0.0001, verbose=0)
2022-11-02 18:31:55,505:INFO:create_models() succesfully completed......................................
2022-11-02 18:31:55,506:INFO:Uploading results into container
2022-11-02 18:31:55,508:INFO:Uploading model into container now
2022-11-02 18:31:55,512:INFO:create_model_container: 1
2022-11-02 18:31:55,513:INFO:master_model_container: 1
2022-11-02 18:31:55,513:INFO:display_container: 2
2022-11-02 18:31:55,513:INFO:KMeans(algorithm='auto', copy_x=True, init='k-means++', max_iter=300,
       n_clusters=4, n_init=10, n_jobs=-1, precompute_distances='deprecated',
       random_state=4937, tol=0.0001, verbose=0)
2022-11-02 18:31:55,513:INFO:create_model() succesfully completed......................................
2022-11-02 18:32:41,031:INFO:PyCaret Supervised Module
2022-11-02 18:32:41,031:INFO:ML Usecase: clustering
2022-11-02 18:32:41,031:INFO:version 2.3.6
2022-11-02 18:32:41,031:INFO:Initializing setup()
2022-11-02 18:32:41,032:INFO:setup(target=None, ml_usecase=clustering, available_plots={'cluster': 'Cluster PCA Plot (2d)', 'tsne': 'Cluster TSnE (3d)', 'elbow': 'Elbow', 'silhouette': 'Silhouette', 'distance': 'Distance', 'distribution': 'Distribution'}, train_size=0.7, test_data=None, preprocess=True, imputation_type=simple, iterative_imputation_iters=5, categorical_features=None, categorical_imputation=mode, categorical_iterative_imputer=lightgbm, ordinal_features=None, high_cardinality_features=None, high_cardinality_method=frequency, numeric_features=None, numeric_imputation=mean, numeric_iterative_imputer=lightgbm, date_features=None, ignore_features=None, normalize=False, normalize_method=zscore, transformation=False, transformation_method=yeo-johnson, handle_unknown_categorical=True, unknown_categorical_method=least_frequent, pca=False, pca_method=linear, pca_components=None, ignore_low_variance=False, combine_rare_levels=False, rare_level_threshold=0.1, bin_numeric_features=None, remove_outliers=False, outliers_threshold=0.05, remove_multicollinearity=False, multicollinearity_threshold=0.9, remove_perfect_collinearity=False, create_clusters=False, cluster_iter=20, polynomial_features=False, polynomial_degree=2, trigonometry_features=False, polynomial_threshold=0.1, group_features=None, group_names=None, feature_selection=False, feature_selection_threshold=0.8, feature_selection_method=classic, feature_interaction=False, feature_ratio=False, interaction_threshold=0.01, fix_imbalance=False, fix_imbalance_method=None, transform_target=False, transform_target_method=box-cox, data_split_shuffle=False, data_split_stratify=False, fold_strategy=kfold, fold=10, fold_shuffle=False, fold_groups=None, n_jobs=-1, use_gpu=False, custom_pipeline=None, html=True, session_id=None, log_experiment=False, experiment_name=None, log_plots=False, log_profile=False, log_data=False, silent=False, verbose=True, profile=False, profile_kwargs=None, display=None)
2022-11-02 18:32:41,032:INFO:Checking environment
2022-11-02 18:32:41,032:INFO:python_version: 3.9.5
2022-11-02 18:32:41,032:INFO:python_build: ('tags/v3.9.5:0a7dcbd', 'May  3 2021 17:27:52')
2022-11-02 18:32:41,032:INFO:machine: AMD64
2022-11-02 18:32:41,032:INFO:platform: Windows-10-10.0.22623-SP0
2022-11-02 18:32:41,032:INFO:Memory: svmem(total=68610617344, available=45049573376, percent=34.3, used=23561043968, free=45049573376)
2022-11-02 18:32:41,032:INFO:Physical Core: 12
2022-11-02 18:32:41,032:INFO:Logical Core: 24
2022-11-02 18:32:41,032:INFO:Checking libraries
2022-11-02 18:32:41,032:INFO:pd==1.2.4
2022-11-02 18:32:41,032:INFO:numpy==1.19.5
2022-11-02 18:32:41,032:INFO:sklearn==0.23.2
2022-11-02 18:32:41,032:INFO:lightgbm==3.3.2
2022-11-02 18:32:41,033:WARNING:catboost not found
2022-11-02 18:32:41,033:WARNING:xgboost not found
2022-11-02 18:32:41,034:INFO:mlflow==1.23.1
2022-11-02 18:32:41,034:INFO:Checking Exceptions
2022-11-02 18:32:41,034:INFO:Declaring global variables
2022-11-02 18:32:41,034:INFO:USI: 722e
2022-11-02 18:32:41,034:INFO:pycaret_globals: {'_available_plots', 'imputation_classifier', '_gpu_n_jobs_param', 'fold_generator', 'iterative_imputation_iters_param', 'fold_groups_param_full', 'n_jobs_param', 'USI', 'imputation_regressor', 'html_param', 'gpu_param', 'seed', 'stratify_param', 'exp_name_log', 'master_model_container', '_ml_usecase', 'fix_imbalance_method_param', 'prep_pipe', '_all_models', 'fix_imbalance_param', 'logging_param', 'fold_shuffle_param', 'data_before_preprocess', 'X', 'transform_target_method_param', 'pycaret_globals', 'fold_param', '_internal_pipeline', 'target_param', 'transform_target_param', 'log_plots_param', '_all_metrics', 'display_container', '_all_models_internal', 'experiment__', 'create_model_container', 'fold_groups_param'}
2022-11-02 18:32:41,034:INFO:Preparing display monitor
2022-11-02 18:32:41,034:INFO:Preparing display monitor
2022-11-02 18:32:41,043:INFO:Importing libraries
2022-11-02 18:32:41,043:INFO:Copying data for preprocessing
2022-11-02 18:32:41,051:INFO:Declaring preprocessing parameters
2022-11-02 18:32:41,053:INFO:Creating preprocessing pipeline
2022-11-02 18:32:41,056:INFO:Preprocessing pipeline created successfully
2022-11-02 18:32:41,056:ERROR:(Process Exit): setup has been interupted with user command 'quit'. setup must rerun.
2022-11-02 18:32:41,056:INFO:Creating global containers
2022-11-02 18:32:41,057:INFO:Internal pipeline: Pipeline(memory=None, steps=[('empty_step', 'passthrough')], verbose=False)
2022-11-02 18:32:42,772:INFO:Creating grid variables
2022-11-02 18:32:42,782:INFO:create_model_container: 0
2022-11-02 18:32:42,783:INFO:master_model_container: 0
2022-11-02 18:32:42,783:INFO:display_container: 1
2022-11-02 18:32:42,786:INFO:Pipeline(memory=None,
         steps=[('dtypes',
                 DataTypes_Auto_infer(categorical_features=[],
                                      display_types=True, features_todrop=[],
                                      id_columns=[], ml_usecase='regression',
                                      numerical_features=[],
                                      target='UNSUPERVISED_DUMMY_TARGET',
                                      time_features=[])),
                ('imputer',
                 Simple_Imputer(categorical_strategy='most frequent',
                                fill_value_categorical=None,
                                fill_value_numerical=None...
                ('scaling', 'passthrough'), ('P_transform', 'passthrough'),
                ('binn', 'passthrough'), ('rem_outliers', 'passthrough'),
                ('cluster_all', 'passthrough'),
                ('dummy', Dummify(target='UNSUPERVISED_DUMMY_TARGET')),
                ('fix_perfect', 'passthrough'),
                ('clean_names', Clean_Colum_Names()),
                ('feature_select', 'passthrough'), ('fix_multi', 'passthrough'),
                ('dfs', 'passthrough'), ('pca', 'passthrough')],
         verbose=False)
2022-11-02 18:32:42,786:INFO:setup() succesfully completed......................................
2022-11-02 18:32:42,875:INFO:PyCaret Supervised Module
2022-11-02 18:32:42,875:INFO:ML Usecase: clustering
2022-11-02 18:32:42,875:INFO:version 2.3.6
2022-11-02 18:32:42,875:INFO:Initializing setup()
2022-11-02 18:32:42,876:INFO:setup(target=None, ml_usecase=clustering, available_plots={'cluster': 'Cluster PCA Plot (2d)', 'tsne': 'Cluster TSnE (3d)', 'elbow': 'Elbow', 'silhouette': 'Silhouette', 'distance': 'Distance', 'distribution': 'Distribution'}, train_size=0.7, test_data=None, preprocess=True, imputation_type=simple, iterative_imputation_iters=5, categorical_features=None, categorical_imputation=mode, categorical_iterative_imputer=lightgbm, ordinal_features=None, high_cardinality_features=None, high_cardinality_method=frequency, numeric_features=None, numeric_imputation=mean, numeric_iterative_imputer=lightgbm, date_features=None, ignore_features=None, normalize=False, normalize_method=zscore, transformation=False, transformation_method=yeo-johnson, handle_unknown_categorical=True, unknown_categorical_method=least_frequent, pca=False, pca_method=linear, pca_components=None, ignore_low_variance=False, combine_rare_levels=False, rare_level_threshold=0.1, bin_numeric_features=None, remove_outliers=False, outliers_threshold=0.05, remove_multicollinearity=False, multicollinearity_threshold=0.9, remove_perfect_collinearity=False, create_clusters=False, cluster_iter=20, polynomial_features=False, polynomial_degree=2, trigonometry_features=False, polynomial_threshold=0.1, group_features=None, group_names=None, feature_selection=False, feature_selection_threshold=0.8, feature_selection_method=classic, feature_interaction=False, feature_ratio=False, interaction_threshold=0.01, fix_imbalance=False, fix_imbalance_method=None, transform_target=False, transform_target_method=box-cox, data_split_shuffle=False, data_split_stratify=False, fold_strategy=kfold, fold=10, fold_shuffle=False, fold_groups=None, n_jobs=-1, use_gpu=False, custom_pipeline=None, html=False, session_id=None, log_experiment=False, experiment_name=None, log_plots=False, log_profile=False, log_data=False, silent=True, verbose=False, profile=False, profile_kwargs=None, display=None)
2022-11-02 18:32:42,876:INFO:Checking environment
2022-11-02 18:32:42,876:INFO:python_version: 3.9.5
2022-11-02 18:32:42,876:INFO:python_build: ('tags/v3.9.5:0a7dcbd', 'May  3 2021 17:27:52')
2022-11-02 18:32:42,876:INFO:machine: AMD64
2022-11-02 18:32:42,876:INFO:platform: Windows-10-10.0.22623-SP0
2022-11-02 18:32:42,876:INFO:Memory: svmem(total=68610617344, available=45020356608, percent=34.4, used=23590260736, free=45020356608)
2022-11-02 18:32:42,876:INFO:Physical Core: 12
2022-11-02 18:32:42,876:INFO:Logical Core: 24
2022-11-02 18:32:42,876:INFO:Checking libraries
2022-11-02 18:32:42,876:INFO:pd==1.2.4
2022-11-02 18:32:42,876:INFO:numpy==1.19.5
2022-11-02 18:32:42,876:INFO:sklearn==0.23.2
2022-11-02 18:32:42,876:INFO:lightgbm==3.3.2
2022-11-02 18:32:42,877:WARNING:catboost not found
2022-11-02 18:32:42,878:WARNING:xgboost not found
2022-11-02 18:32:42,878:INFO:mlflow==1.23.1
2022-11-02 18:32:42,878:INFO:Checking Exceptions
2022-11-02 18:36:27,384:INFO:PyCaret Supervised Module
2022-11-02 18:36:27,384:INFO:ML Usecase: clustering
2022-11-02 18:36:27,384:INFO:version 2.3.6
2022-11-02 18:36:27,384:INFO:Initializing setup()
2022-11-02 18:36:27,384:INFO:setup(target=None, ml_usecase=clustering, available_plots={'cluster': 'Cluster PCA Plot (2d)', 'tsne': 'Cluster TSnE (3d)', 'elbow': 'Elbow', 'silhouette': 'Silhouette', 'distance': 'Distance', 'distribution': 'Distribution'}, train_size=0.7, test_data=None, preprocess=True, imputation_type=simple, iterative_imputation_iters=5, categorical_features=None, categorical_imputation=mode, categorical_iterative_imputer=lightgbm, ordinal_features=None, high_cardinality_features=None, high_cardinality_method=frequency, numeric_features=None, numeric_imputation=mean, numeric_iterative_imputer=lightgbm, date_features=None, ignore_features=None, normalize=False, normalize_method=zscore, transformation=False, transformation_method=yeo-johnson, handle_unknown_categorical=True, unknown_categorical_method=least_frequent, pca=False, pca_method=linear, pca_components=None, ignore_low_variance=False, combine_rare_levels=False, rare_level_threshold=0.1, bin_numeric_features=None, remove_outliers=False, outliers_threshold=0.05, remove_multicollinearity=False, multicollinearity_threshold=0.9, remove_perfect_collinearity=False, create_clusters=False, cluster_iter=20, polynomial_features=False, polynomial_degree=2, trigonometry_features=False, polynomial_threshold=0.1, group_features=None, group_names=None, feature_selection=False, feature_selection_threshold=0.8, feature_selection_method=classic, feature_interaction=False, feature_ratio=False, interaction_threshold=0.01, fix_imbalance=False, fix_imbalance_method=None, transform_target=False, transform_target_method=box-cox, data_split_shuffle=False, data_split_stratify=False, fold_strategy=kfold, fold=10, fold_shuffle=False, fold_groups=None, n_jobs=-1, use_gpu=False, custom_pipeline=None, html=True, session_id=None, log_experiment=False, experiment_name=None, log_plots=False, log_profile=False, log_data=False, silent=False, verbose=True, profile=False, profile_kwargs=None, display=None)
2022-11-02 18:36:27,384:INFO:Checking environment
2022-11-02 18:36:27,384:INFO:python_version: 3.9.5
2022-11-02 18:36:27,385:INFO:python_build: ('tags/v3.9.5:0a7dcbd', 'May  3 2021 17:27:52')
2022-11-02 18:36:27,385:INFO:machine: AMD64
2022-11-02 18:36:27,385:INFO:platform: Windows-10-10.0.22623-SP0
2022-11-02 18:36:27,385:INFO:Memory: svmem(total=68610617344, available=44915699712, percent=34.5, used=23694917632, free=44915699712)
2022-11-02 18:36:27,385:INFO:Physical Core: 12
2022-11-02 18:36:27,385:INFO:Logical Core: 24
2022-11-02 18:36:27,385:INFO:Checking libraries
2022-11-02 18:36:27,385:INFO:pd==1.2.4
2022-11-02 18:36:27,385:INFO:numpy==1.19.5
2022-11-02 18:36:27,385:INFO:sklearn==0.23.2
2022-11-02 18:36:27,385:INFO:lightgbm==3.3.2
2022-11-02 18:36:27,386:WARNING:catboost not found
2022-11-02 18:36:27,386:WARNING:xgboost not found
2022-11-02 18:36:27,386:INFO:mlflow==1.23.1
2022-11-02 18:36:27,386:INFO:Checking Exceptions
2022-11-02 18:36:27,386:INFO:Declaring global variables
2022-11-02 18:36:27,386:INFO:USI: 0d9f
2022-11-02 18:36:27,387:INFO:pycaret_globals: {'_available_plots', 'imputation_classifier', '_gpu_n_jobs_param', 'fold_generator', 'iterative_imputation_iters_param', 'fold_groups_param_full', 'n_jobs_param', 'USI', 'imputation_regressor', 'html_param', 'gpu_param', 'seed', 'stratify_param', 'exp_name_log', 'master_model_container', '_ml_usecase', 'fix_imbalance_method_param', 'prep_pipe', '_all_models', 'fix_imbalance_param', 'logging_param', 'fold_shuffle_param', 'data_before_preprocess', 'X', 'transform_target_method_param', 'pycaret_globals', 'fold_param', '_internal_pipeline', 'target_param', 'transform_target_param', 'log_plots_param', '_all_metrics', 'display_container', '_all_models_internal', 'experiment__', 'create_model_container', 'fold_groups_param'}
2022-11-02 18:36:27,387:INFO:Preparing display monitor
2022-11-02 18:36:27,387:INFO:Preparing display monitor
2022-11-02 18:36:27,396:INFO:Importing libraries
2022-11-02 18:36:27,396:INFO:Copying data for preprocessing
2022-11-02 18:36:27,401:INFO:Declaring preprocessing parameters
2022-11-02 18:36:27,403:INFO:Creating preprocessing pipeline
2022-11-02 18:36:27,408:INFO:Preprocessing pipeline created successfully
2022-11-02 18:36:27,408:ERROR:(Process Exit): setup has been interupted with user command 'quit'. setup must rerun.
2022-11-02 18:36:27,408:INFO:Creating global containers
2022-11-02 18:36:27,408:INFO:Internal pipeline: Pipeline(memory=None, steps=[('empty_step', 'passthrough')], verbose=False)
2022-11-02 18:36:29,966:INFO:Creating grid variables
2022-11-02 18:36:29,976:INFO:create_model_container: 0
2022-11-02 18:36:29,976:INFO:master_model_container: 0
2022-11-02 18:36:29,976:INFO:display_container: 1
2022-11-02 18:36:29,979:INFO:Pipeline(memory=None,
         steps=[('dtypes',
                 DataTypes_Auto_infer(categorical_features=[],
                                      display_types=True, features_todrop=[],
                                      id_columns=[], ml_usecase='regression',
                                      numerical_features=[],
                                      target='UNSUPERVISED_DUMMY_TARGET',
                                      time_features=[])),
                ('imputer',
                 Simple_Imputer(categorical_strategy='most frequent',
                                fill_value_categorical=None,
                                fill_value_numerical=None...
                ('scaling', 'passthrough'), ('P_transform', 'passthrough'),
                ('binn', 'passthrough'), ('rem_outliers', 'passthrough'),
                ('cluster_all', 'passthrough'),
                ('dummy', Dummify(target='UNSUPERVISED_DUMMY_TARGET')),
                ('fix_perfect', 'passthrough'),
                ('clean_names', Clean_Colum_Names()),
                ('feature_select', 'passthrough'), ('fix_multi', 'passthrough'),
                ('dfs', 'passthrough'), ('pca', 'passthrough')],
         verbose=False)
2022-11-02 18:36:29,979:INFO:setup() succesfully completed......................................
2022-11-02 18:36:30,072:INFO:PyCaret Supervised Module
2022-11-02 18:36:30,073:INFO:ML Usecase: clustering
2022-11-02 18:36:30,073:INFO:version 2.3.6
2022-11-02 18:36:30,073:INFO:Initializing setup()
2022-11-02 18:36:30,073:INFO:setup(target=None, ml_usecase=clustering, available_plots={'cluster': 'Cluster PCA Plot (2d)', 'tsne': 'Cluster TSnE (3d)', 'elbow': 'Elbow', 'silhouette': 'Silhouette', 'distance': 'Distance', 'distribution': 'Distribution'}, train_size=0.7, test_data=None, preprocess=True, imputation_type=simple, iterative_imputation_iters=5, categorical_features=None, categorical_imputation=mode, categorical_iterative_imputer=lightgbm, ordinal_features=None, high_cardinality_features=None, high_cardinality_method=frequency, numeric_features=None, numeric_imputation=mean, numeric_iterative_imputer=lightgbm, date_features=None, ignore_features=['Cluster'], normalize=False, normalize_method=zscore, transformation=False, transformation_method=yeo-johnson, handle_unknown_categorical=True, unknown_categorical_method=least_frequent, pca=False, pca_method=linear, pca_components=None, ignore_low_variance=False, combine_rare_levels=False, rare_level_threshold=0.1, bin_numeric_features=None, remove_outliers=False, outliers_threshold=0.05, remove_multicollinearity=False, multicollinearity_threshold=0.9, remove_perfect_collinearity=False, create_clusters=False, cluster_iter=20, polynomial_features=False, polynomial_degree=2, trigonometry_features=False, polynomial_threshold=0.1, group_features=None, group_names=None, feature_selection=False, feature_selection_threshold=0.8, feature_selection_method=classic, feature_interaction=False, feature_ratio=False, interaction_threshold=0.01, fix_imbalance=False, fix_imbalance_method=None, transform_target=False, transform_target_method=box-cox, data_split_shuffle=False, data_split_stratify=False, fold_strategy=kfold, fold=10, fold_shuffle=False, fold_groups=None, n_jobs=-1, use_gpu=False, custom_pipeline=None, html=False, session_id=None, log_experiment=False, experiment_name=None, log_plots=False, log_profile=False, log_data=False, silent=True, verbose=False, profile=False, profile_kwargs=None, display=None)
2022-11-02 18:36:30,073:INFO:Checking environment
2022-11-02 18:36:30,073:INFO:python_version: 3.9.5
2022-11-02 18:36:30,073:INFO:python_build: ('tags/v3.9.5:0a7dcbd', 'May  3 2021 17:27:52')
2022-11-02 18:36:30,073:INFO:machine: AMD64
2022-11-02 18:36:30,073:INFO:platform: Windows-10-10.0.22623-SP0
2022-11-02 18:36:30,073:INFO:Memory: svmem(total=68610617344, available=44916518912, percent=34.5, used=23694098432, free=44916518912)
2022-11-02 18:36:30,073:INFO:Physical Core: 12
2022-11-02 18:36:30,073:INFO:Logical Core: 24
2022-11-02 18:36:30,073:INFO:Checking libraries
2022-11-02 18:36:30,073:INFO:pd==1.2.4
2022-11-02 18:36:30,073:INFO:numpy==1.19.5
2022-11-02 18:36:30,073:INFO:sklearn==0.23.2
2022-11-02 18:36:30,073:INFO:lightgbm==3.3.2
2022-11-02 18:36:30,074:WARNING:catboost not found
2022-11-02 18:36:30,075:WARNING:xgboost not found
2022-11-02 18:36:30,075:INFO:mlflow==1.23.1
2022-11-02 18:36:30,075:INFO:Checking Exceptions
2022-11-02 18:36:30,075:INFO:Declaring global variables
2022-11-02 18:36:30,075:INFO:USI: 1835
2022-11-02 18:36:30,075:INFO:pycaret_globals: {'_available_plots', 'imputation_classifier', '_gpu_n_jobs_param', 'fold_generator', 'iterative_imputation_iters_param', 'fold_groups_param_full', 'n_jobs_param', 'USI', 'imputation_regressor', 'html_param', 'gpu_param', 'seed', 'stratify_param', 'exp_name_log', 'master_model_container', '_ml_usecase', 'fix_imbalance_method_param', 'prep_pipe', '_all_models', 'fix_imbalance_param', 'logging_param', 'fold_shuffle_param', 'data_before_preprocess', 'X', 'transform_target_method_param', 'pycaret_globals', 'fold_param', '_internal_pipeline', 'target_param', 'transform_target_param', 'log_plots_param', '_all_metrics', 'display_container', '_all_models_internal', 'experiment__', 'create_model_container', 'fold_groups_param'}
2022-11-02 18:36:30,075:INFO:Preparing display monitor
2022-11-02 18:36:30,075:INFO:Importing libraries
2022-11-02 18:36:30,075:INFO:Copying data for preprocessing
2022-11-02 18:36:30,075:INFO:Declaring preprocessing parameters
2022-11-02 18:36:30,077:INFO:Creating preprocessing pipeline
2022-11-02 18:36:30,079:INFO:Preprocessing pipeline created successfully
2022-11-02 18:36:30,079:ERROR:(Process Exit): setup has been interupted with user command 'quit'. setup must rerun.
2022-11-02 18:36:30,079:INFO:Creating global containers
2022-11-02 18:36:30,080:INFO:Internal pipeline: Pipeline(memory=None, steps=[('empty_step', 'passthrough')], verbose=False)
2022-11-02 18:36:30,102:INFO:Creating grid variables
2022-11-02 18:36:30,104:INFO:create_model_container: 0
2022-11-02 18:36:30,104:INFO:master_model_container: 0
2022-11-02 18:36:30,104:INFO:display_container: 1
2022-11-02 18:36:30,106:INFO:Pipeline(memory=None,
         steps=[('dtypes',
                 DataTypes_Auto_infer(categorical_features=[],
                                      display_types=False,
                                      features_todrop=['Cluster'],
                                      id_columns=[], ml_usecase='regression',
                                      numerical_features=[],
                                      target='UNSUPERVISED_DUMMY_TARGET',
                                      time_features=[])),
                ('imputer',
                 Simple_Imputer(categorical_strategy='most frequent',
                                fill_value_categorical=None,
                                fill_value_nume...
                ('scaling', 'passthrough'), ('P_transform', 'passthrough'),
                ('binn', 'passthrough'), ('rem_outliers', 'passthrough'),
                ('cluster_all', 'passthrough'),
                ('dummy', Dummify(target='UNSUPERVISED_DUMMY_TARGET')),
                ('fix_perfect', 'passthrough'),
                ('clean_names', Clean_Colum_Names()),
                ('feature_select', 'passthrough'), ('fix_multi', 'passthrough'),
                ('dfs', 'passthrough'), ('pca', 'passthrough')],
         verbose=False)
2022-11-02 18:36:30,107:INFO:setup() succesfully completed......................................
2022-11-02 18:36:30,197:INFO:Initializing create_model()
2022-11-02 18:36:30,197:INFO:create_model(estimator=kmeans, num_clusters=6, fraction=0.05, ground_truth=None, round=4, fit_kwargs=None, verbose=False, system=True, add_to_model_list=True, raise_num_clusters=False, display=None, kwargs={})
2022-11-02 18:36:30,197:INFO:Checking exceptions
2022-11-02 18:36:30,198:INFO:Importing libraries
2022-11-02 18:36:30,198:INFO:Importing untrained model
2022-11-02 18:36:30,198:INFO:K-Means Clustering Imported succesfully
2022-11-02 18:36:30,198:INFO:Fitting Model
2022-11-02 18:36:30,242:INFO:KMeans(algorithm='auto', copy_x=True, init='k-means++', max_iter=300,
       n_clusters=6, n_init=10, n_jobs=-1, precompute_distances='deprecated',
       random_state=3533, tol=0.0001, verbose=0)
2022-11-02 18:36:30,242:INFO:create_models() succesfully completed......................................
2022-11-02 18:36:30,242:INFO:Uploading results into container
2022-11-02 18:36:30,244:INFO:Uploading model into container now
2022-11-02 18:36:30,244:INFO:create_model_container: 1
2022-11-02 18:36:30,244:INFO:master_model_container: 1
2022-11-02 18:36:30,244:INFO:display_container: 2
2022-11-02 18:36:30,244:INFO:KMeans(algorithm='auto', copy_x=True, init='k-means++', max_iter=300,
       n_clusters=6, n_init=10, n_jobs=-1, precompute_distances='deprecated',
       random_state=3533, tol=0.0001, verbose=0)
2022-11-02 18:36:30,244:INFO:create_model() succesfully completed......................................
2022-11-02 18:36:30,330:INFO:Initializing assign_model()
2022-11-02 18:36:30,330:INFO:assign_model(model=KMeans(algorithm='auto', copy_x=True, init='k-means++', max_iter=300,
       n_clusters=6, n_init=10, n_jobs=-1, precompute_distances='deprecated',
       random_state=3533, tol=0.0001, verbose=0), transformation=False, score=True, verbose=False)
2022-11-02 18:36:30,330:INFO:Checking exceptions
2022-11-02 18:36:30,330:INFO:Determining Trained Model
2022-11-02 18:36:30,330:INFO:Trained Model : K-Means Clustering
2022-11-02 18:36:30,330:INFO:Copying data
2022-11-02 18:36:30,331:INFO:(505, 5)
2022-11-02 18:36:30,331:INFO:assign_model() succesfully completed......................................
